<?xml version="1.0" encoding="UTF-8"?>
<!-- Generated by org.testng.reporters.JUnitXMLReporter -->
<testsuite ignored="0" hostname="DESKTOP-Q69DOOS" failures="0" tests="6" name="Surefire test" time="223.397" errors="0" timestamp="2026-01-18T14:38:50 IST">
  <testcase classname="com.jayant.orangehrm.tests.AdminTest" name="loginTest" time="60.46"/>
  <testcase classname="com.jayant.orangehrm.tests.LoginDDTTest" name="Ohrm_LoginTest" time="34.72"/>
  <testcase classname="com.jayant.orangehrm.tests.LoginDDTTest" name="Ohrm_LoginTest" time="34.21"/>
  <testcase classname="com.jayant.orangehrm.tests.LoginDDTTest" name="Ohrm_LoginTest" time="10.288"/>
  <testcase classname="com.jayant.orangehrm.tests.LoginDDTTest" name="Ohrm_LoginTest" time="20.954"/>
  <testcase classname="com.jayant.orangehrm.tests.LoginDDTTest" name="Ohrm_LoginTest" time="35.852"/>
</testsuite> <!-- Surefire test -->
