<?xml version="1.0" encoding="UTF-8"?>
<!-- Generated by org.testng.reporters.JUnitXMLReporter -->
<testsuite ignored="0" hostname="DESKTOP-Q69DOOS" failures="0" tests="5" name="Surefire test" time="205.693" errors="0" timestamp="2026-01-13T16:12:58 IST">
  <testcase classname="com.jayant.orangehrm.tests.LoginDDTTest" name="Ohrm_LoginTest" time="67.587"/>
  <testcase classname="com.jayant.orangehrm.tests.LoginDDTTest" name="Ohrm_LoginTest" time="35.757"/>
  <testcase classname="com.jayant.orangehrm.tests.LoginDDTTest" name="Ohrm_LoginTest" time="31.716"/>
  <testcase classname="com.jayant.orangehrm.tests.LoginDDTTest" name="Ohrm_LoginTest" time="22.894"/>
  <testcase classname="com.jayant.orangehrm.tests.LoginDDTTest" name="Ohrm_LoginTest" time="31.657"/>
</testsuite> <!-- Surefire test -->
