<?xml version="1.0" encoding="UTF-8"?>
<testng-results ignored="0" total="6" passed="6" failed="0" skipped="0">
  <reporter-output>
  </reporter-output>
  <suite started-at="2026-01-18T14:35:06 IST" name="Surefire suite" finished-at="2026-01-18T14:38:50 IST" duration-ms="223397">
    <groups>
    </groups>
    <test started-at="2026-01-18T14:35:06 IST" name="Surefire test" finished-at="2026-01-18T14:38:50 IST" duration-ms="223397">
      <class name="com.jayant.orangehrm.tests.AdminTest">
        <test-method is-config="true" signature="setUp()[pri:0, instance:com.jayant.orangehrm.tests.AdminTest@75f32542]" started-at="2026-01-18T14:35:06 IST" name="setUp" finished-at="2026-01-18T14:35:14 IST" duration-ms="7354" status="PASS">
          <reporter-output>
          </reporter-output>
        </test-method> <!-- setUp -->
        <test-method signature="loginTest()[pri:0, instance:com.jayant.orangehrm.tests.AdminTest@75f32542]" started-at="2026-01-18T14:35:14 IST" name="loginTest" finished-at="2026-01-18T14:36:14 IST" duration-ms="60460" status="PASS">
          <reporter-output>
          </reporter-output>
        </test-method> <!-- loginTest -->
        <test-method is-config="true" signature="tearDown()[pri:0, instance:com.jayant.orangehrm.tests.AdminTest@75f32542]" started-at="2026-01-18T14:36:14 IST" name="tearDown" finished-at="2026-01-18T14:36:15 IST" duration-ms="514" status="PASS">
          <reporter-output>
          </reporter-output>
        </test-method> <!-- tearDown -->
      </class> <!-- com.jayant.orangehrm.tests.AdminTest -->
      <class name="com.jayant.orangehrm.tests.LoginDDTTest">
        <test-method is-config="true" signature="setUp()[pri:0, instance:com.jayant.orangehrm.tests.LoginDDTTest@7f1302d6]" started-at="2026-01-18T14:36:15 IST" name="setUp" finished-at="2026-01-18T14:36:18 IST" duration-ms="2859" status="PASS">
          <reporter-output>
          </reporter-output>
        </test-method> <!-- setUp -->
        <test-method signature="Ohrm_LoginTest(java.lang.String,java.lang.String,java.lang.String)[pri:0, instance:com.jayant.orangehrm.tests.LoginDDTTest@7f1302d6]" started-at="2026-01-18T14:36:18 IST" name="Ohrm_LoginTest" data-provider="LoginData" finished-at="2026-01-18T14:36:53 IST" duration-ms="34720" status="PASS">
          <params>
            <param index="0">
              <value>
                <![CDATA[Admin]]>
              </value>
            </param>
            <param index="1">
              <value>
                <![CDATA[admin123]]>
              </value>
            </param>
            <param index="2">
              <value>
                <![CDATA[Valid]]>
              </value>
            </param>
          </params>
          <reporter-output>
          </reporter-output>
        </test-method> <!-- Ohrm_LoginTest -->
        <test-method is-config="true" signature="tearDown()[pri:0, instance:com.jayant.orangehrm.tests.LoginDDTTest@7f1302d6]" started-at="2026-01-18T14:36:53 IST" name="tearDown" finished-at="2026-01-18T14:36:53 IST" duration-ms="447" status="PASS">
          <reporter-output>
          </reporter-output>
        </test-method> <!-- tearDown -->
        <test-method is-config="true" signature="setUp()[pri:0, instance:com.jayant.orangehrm.tests.LoginDDTTest@7f1302d6]" started-at="2026-01-18T14:36:53 IST" name="setUp" finished-at="2026-01-18T14:36:57 IST" duration-ms="4437" status="PASS">
          <reporter-output>
          </reporter-output>
        </test-method> <!-- setUp -->
        <test-method signature="Ohrm_LoginTest(java.lang.String,java.lang.String,java.lang.String)[pri:0, instance:com.jayant.orangehrm.tests.LoginDDTTest@7f1302d6]" started-at="2026-01-18T14:36:57 IST" name="Ohrm_LoginTest" data-provider="LoginData" finished-at="2026-01-18T14:37:32 IST" duration-ms="34210" status="PASS">
          <params>
            <param index="0">
              <value>
                <![CDATA[test123]]>
              </value>
            </param>
            <param index="1">
              <value>
                <![CDATA[testPass]]>
              </value>
            </param>
            <param index="2">
              <value>
                <![CDATA[Invalid]]>
              </value>
            </param>
          </params>
          <reporter-output>
          </reporter-output>
        </test-method> <!-- Ohrm_LoginTest -->
        <test-method is-config="true" signature="tearDown()[pri:0, instance:com.jayant.orangehrm.tests.LoginDDTTest@7f1302d6]" started-at="2026-01-18T14:37:32 IST" name="tearDown" finished-at="2026-01-18T14:37:32 IST" duration-ms="146" status="PASS">
          <reporter-output>
          </reporter-output>
        </test-method> <!-- tearDown -->
        <test-method is-config="true" signature="setUp()[pri:0, instance:com.jayant.orangehrm.tests.LoginDDTTest@7f1302d6]" started-at="2026-01-18T14:37:32 IST" name="setUp" finished-at="2026-01-18T14:37:33 IST" duration-ms="1461" status="PASS">
          <reporter-output>
          </reporter-output>
        </test-method> <!-- setUp -->
        <test-method signature="Ohrm_LoginTest(java.lang.String,java.lang.String,java.lang.String)[pri:0, instance:com.jayant.orangehrm.tests.LoginDDTTest@7f1302d6]" started-at="2026-01-18T14:37:33 IST" name="Ohrm_LoginTest" data-provider="LoginData" finished-at="2026-01-18T14:37:44 IST" duration-ms="10288" status="PASS">
          <params>
            <param index="0">
              <value>
                <![CDATA[testUser]]>
              </value>
            </param>
            <param index="1">
              <value>
                <![CDATA[admin123]]>
              </value>
            </param>
            <param index="2">
              <value>
                <![CDATA[Invalid]]>
              </value>
            </param>
          </params>
          <reporter-output>
          </reporter-output>
        </test-method> <!-- Ohrm_LoginTest -->
        <test-method is-config="true" signature="tearDown()[pri:0, instance:com.jayant.orangehrm.tests.LoginDDTTest@7f1302d6]" started-at="2026-01-18T14:37:44 IST" name="tearDown" finished-at="2026-01-18T14:37:44 IST" duration-ms="83" status="PASS">
          <reporter-output>
          </reporter-output>
        </test-method> <!-- tearDown -->
        <test-method is-config="true" signature="setUp()[pri:0, instance:com.jayant.orangehrm.tests.LoginDDTTest@7f1302d6]" started-at="2026-01-18T14:37:44 IST" name="setUp" finished-at="2026-01-18T14:37:47 IST" duration-ms="3624" status="PASS">
          <reporter-output>
          </reporter-output>
        </test-method> <!-- setUp -->
        <test-method signature="Ohrm_LoginTest(java.lang.String,java.lang.String,java.lang.String)[pri:0, instance:com.jayant.orangehrm.tests.LoginDDTTest@7f1302d6]" started-at="2026-01-18T14:37:47 IST" name="Ohrm_LoginTest" data-provider="LoginData" finished-at="2026-01-18T14:38:08 IST" duration-ms="20954" status="PASS">
          <params>
            <param index="0">
              <value>
                <![CDATA[Admin]]>
              </value>
            </param>
            <param index="1">
              <value>
                <![CDATA[student]]>
              </value>
            </param>
            <param index="2">
              <value>
                <![CDATA[Invalid]]>
              </value>
            </param>
          </params>
          <reporter-output>
          </reporter-output>
        </test-method> <!-- Ohrm_LoginTest -->
        <test-method is-config="true" signature="tearDown()[pri:0, instance:com.jayant.orangehrm.tests.LoginDDTTest@7f1302d6]" started-at="2026-01-18T14:38:08 IST" name="tearDown" finished-at="2026-01-18T14:38:08 IST" duration-ms="216" status="PASS">
          <reporter-output>
          </reporter-output>
        </test-method> <!-- tearDown -->
        <test-method is-config="true" signature="setUp()[pri:0, instance:com.jayant.orangehrm.tests.LoginDDTTest@7f1302d6]" started-at="2026-01-18T14:38:08 IST" name="setUp" finished-at="2026-01-18T14:38:13 IST" duration-ms="4134" status="PASS">
          <reporter-output>
          </reporter-output>
        </test-method> <!-- setUp -->
        <test-method signature="Ohrm_LoginTest(java.lang.String,java.lang.String,java.lang.String)[pri:0, instance:com.jayant.orangehrm.tests.LoginDDTTest@7f1302d6]" started-at="2026-01-18T14:38:13 IST" name="Ohrm_LoginTest" data-provider="LoginData" finished-at="2026-01-18T14:38:48 IST" duration-ms="35852" status="PASS">
          <params>
            <param index="0">
              <value>
                <![CDATA[jayant]]>
              </value>
            </param>
            <param index="1">
              <value>
                <![CDATA[jayant123]]>
              </value>
            </param>
            <param index="2">
              <value>
                <![CDATA[Invalid]]>
              </value>
            </param>
          </params>
          <reporter-output>
          </reporter-output>
        </test-method> <!-- Ohrm_LoginTest -->
        <test-method is-config="true" signature="tearDown()[pri:0, instance:com.jayant.orangehrm.tests.LoginDDTTest@7f1302d6]" started-at="2026-01-18T14:38:48 IST" name="tearDown" finished-at="2026-01-18T14:38:50 IST" duration-ms="1255" status="PASS">
          <reporter-output>
          </reporter-output>
        </test-method> <!-- tearDown -->
      </class> <!-- com.jayant.orangehrm.tests.LoginDDTTest -->
    </test> <!-- Surefire test -->
  </suite> <!-- Surefire suite -->
</testng-results>
