<?xml version="1.0" encoding="UTF-8"?>
<testng-results ignored="0" total="5" passed="5" failed="0" skipped="0">
  <reporter-output>
  </reporter-output>
  <suite started-at="2026-01-13T16:09:32 IST" name="Surefire suite" finished-at="2026-01-13T16:12:58 IST" duration-ms="205693">
    <groups>
    </groups>
    <test started-at="2026-01-13T16:09:32 IST" name="Surefire test" finished-at="2026-01-13T16:12:58 IST" duration-ms="205693">
      <class name="com.jayant.orangehrm.tests.LoginDDTTest">
        <test-method is-config="true" signature="setUp()[pri:0, instance:com.jayant.orangehrm.tests.LoginDDTTest@2a32de6c]" started-at="2026-01-13T16:09:33 IST" name="setUp" finished-at="2026-01-13T16:09:34 IST" duration-ms="1109" status="PASS">
          <reporter-output>
          </reporter-output>
        </test-method> <!-- setUp -->
        <test-method signature="Ohrm_LoginTest(java.lang.String,java.lang.String,java.lang.String)[pri:0, instance:com.jayant.orangehrm.tests.LoginDDTTest@2a32de6c]" started-at="2026-01-13T16:09:34 IST" name="Ohrm_LoginTest" data-provider="LoginData" finished-at="2026-01-13T16:10:41 IST" duration-ms="67587" status="PASS">
          <params>
            <param index="0">
              <value>
                <![CDATA[Admin]]>
              </value>
            </param>
            <param index="1">
              <value>
                <![CDATA[admin123]]>
              </value>
            </param>
            <param index="2">
              <value>
                <![CDATA[Valid]]>
              </value>
            </param>
          </params>
          <reporter-output>
          </reporter-output>
        </test-method> <!-- Ohrm_LoginTest -->
        <test-method is-config="true" signature="tearDown()[pri:0, instance:com.jayant.orangehrm.tests.LoginDDTTest@2a32de6c]" started-at="2026-01-13T16:10:41 IST" name="tearDown" finished-at="2026-01-13T16:10:42 IST" duration-ms="449" status="PASS">
          <reporter-output>
          </reporter-output>
        </test-method> <!-- tearDown -->
        <test-method is-config="true" signature="setUp()[pri:0, instance:com.jayant.orangehrm.tests.LoginDDTTest@2a32de6c]" started-at="2026-01-13T16:10:42 IST" name="setUp" finished-at="2026-01-13T16:10:45 IST" duration-ms="3114" status="PASS">
          <reporter-output>
          </reporter-output>
        </test-method> <!-- setUp -->
        <test-method signature="Ohrm_LoginTest(java.lang.String,java.lang.String,java.lang.String)[pri:0, instance:com.jayant.orangehrm.tests.LoginDDTTest@2a32de6c]" started-at="2026-01-13T16:10:45 IST" name="Ohrm_LoginTest" data-provider="LoginData" finished-at="2026-01-13T16:11:21 IST" duration-ms="35757" status="PASS">
          <params>
            <param index="0">
              <value>
                <![CDATA[test123]]>
              </value>
            </param>
            <param index="1">
              <value>
                <![CDATA[testPass]]>
              </value>
            </param>
            <param index="2">
              <value>
                <![CDATA[Invalid]]>
              </value>
            </param>
          </params>
          <reporter-output>
          </reporter-output>
        </test-method> <!-- Ohrm_LoginTest -->
        <test-method is-config="true" signature="tearDown()[pri:0, instance:com.jayant.orangehrm.tests.LoginDDTTest@2a32de6c]" started-at="2026-01-13T16:11:21 IST" name="tearDown" finished-at="2026-01-13T16:11:21 IST" duration-ms="564" status="PASS">
          <reporter-output>
          </reporter-output>
        </test-method> <!-- tearDown -->
        <test-method is-config="true" signature="setUp()[pri:0, instance:com.jayant.orangehrm.tests.LoginDDTTest@2a32de6c]" started-at="2026-01-13T16:11:21 IST" name="setUp" finished-at="2026-01-13T16:11:26 IST" duration-ms="4961" status="PASS">
          <reporter-output>
          </reporter-output>
        </test-method> <!-- setUp -->
        <test-method signature="Ohrm_LoginTest(java.lang.String,java.lang.String,java.lang.String)[pri:0, instance:com.jayant.orangehrm.tests.LoginDDTTest@2a32de6c]" started-at="2026-01-13T16:11:26 IST" name="Ohrm_LoginTest" data-provider="LoginData" finished-at="2026-01-13T16:11:58 IST" duration-ms="31716" status="PASS">
          <params>
            <param index="0">
              <value>
                <![CDATA[testUser]]>
              </value>
            </param>
            <param index="1">
              <value>
                <![CDATA[admin123]]>
              </value>
            </param>
            <param index="2">
              <value>
                <![CDATA[Invalid]]>
              </value>
            </param>
          </params>
          <reporter-output>
          </reporter-output>
        </test-method> <!-- Ohrm_LoginTest -->
        <test-method is-config="true" signature="tearDown()[pri:0, instance:com.jayant.orangehrm.tests.LoginDDTTest@2a32de6c]" started-at="2026-01-13T16:11:58 IST" name="tearDown" finished-at="2026-01-13T16:11:58 IST" duration-ms="218" status="PASS">
          <reporter-output>
          </reporter-output>
        </test-method> <!-- tearDown -->
        <test-method is-config="true" signature="setUp()[pri:0, instance:com.jayant.orangehrm.tests.LoginDDTTest@2a32de6c]" started-at="2026-01-13T16:11:58 IST" name="setUp" finished-at="2026-01-13T16:12:00 IST" duration-ms="1501" status="PASS">
          <reporter-output>
          </reporter-output>
        </test-method> <!-- setUp -->
        <test-method signature="Ohrm_LoginTest(java.lang.String,java.lang.String,java.lang.String)[pri:0, instance:com.jayant.orangehrm.tests.LoginDDTTest@2a32de6c]" started-at="2026-01-13T16:12:00 IST" name="Ohrm_LoginTest" data-provider="LoginData" finished-at="2026-01-13T16:12:22 IST" duration-ms="22894" status="PASS">
          <params>
            <param index="0">
              <value>
                <![CDATA[Admin]]>
              </value>
            </param>
            <param index="1">
              <value>
                <![CDATA[student]]>
              </value>
            </param>
            <param index="2">
              <value>
                <![CDATA[Invalid]]>
              </value>
            </param>
          </params>
          <reporter-output>
          </reporter-output>
        </test-method> <!-- Ohrm_LoginTest -->
        <test-method is-config="true" signature="tearDown()[pri:0, instance:com.jayant.orangehrm.tests.LoginDDTTest@2a32de6c]" started-at="2026-01-13T16:12:22 IST" name="tearDown" finished-at="2026-01-13T16:12:23 IST" duration-ms="853" status="PASS">
          <reporter-output>
          </reporter-output>
        </test-method> <!-- tearDown -->
        <test-method is-config="true" signature="setUp()[pri:0, instance:com.jayant.orangehrm.tests.LoginDDTTest@2a32de6c]" started-at="2026-01-13T16:12:23 IST" name="setUp" finished-at="2026-01-13T16:12:26 IST" duration-ms="2228" status="PASS">
          <reporter-output>
          </reporter-output>
        </test-method> <!-- setUp -->
        <test-method signature="Ohrm_LoginTest(java.lang.String,java.lang.String,java.lang.String)[pri:0, instance:com.jayant.orangehrm.tests.LoginDDTTest@2a32de6c]" started-at="2026-01-13T16:12:26 IST" name="Ohrm_LoginTest" data-provider="LoginData" finished-at="2026-01-13T16:12:57 IST" duration-ms="31657" status="PASS">
          <params>
            <param index="0">
              <value>
                <![CDATA[jayant]]>
              </value>
            </param>
            <param index="1">
              <value>
                <![CDATA[jayant123]]>
              </value>
            </param>
            <param index="2">
              <value>
                <![CDATA[Invalid]]>
              </value>
            </param>
          </params>
          <reporter-output>
          </reporter-output>
        </test-method> <!-- Ohrm_LoginTest -->
        <test-method is-config="true" signature="tearDown()[pri:0, instance:com.jayant.orangehrm.tests.LoginDDTTest@2a32de6c]" started-at="2026-01-13T16:12:57 IST" name="tearDown" finished-at="2026-01-13T16:12:58 IST" duration-ms="687" status="PASS">
          <reporter-output>
          </reporter-output>
        </test-method> <!-- tearDown -->
      </class> <!-- com.jayant.orangehrm.tests.LoginDDTTest -->
    </test> <!-- Surefire test -->
  </suite> <!-- Surefire suite -->
</testng-results>
