<?xml version="1.0" encoding="UTF-8"?>
<testng-results ignored="0" total="5" passed="4" failed="1" skipped="0">
  <reporter-output>
  </reporter-output>
  <suite started-at="2026-01-13T14:52:45 IST" name="Orange HRM Automation" finished-at="2026-01-13T14:55:08 IST" duration-ms="143296">
    <groups>
    </groups>
    <test started-at="2026-01-13T14:52:45 IST" name="Orange HRM login test" finished-at="2026-01-13T14:55:08 IST" duration-ms="143296">
      <class name="com.jayant.orangehrm.tests.LoginDDTTest">
        <test-method is-config="true" signature="setUp()[pri:0, instance:com.jayant.orangehrm.tests.LoginDDTTest@36fc695d]" started-at="2026-01-13T14:52:45 IST" name="setUp" finished-at="2026-01-13T14:52:52 IST" duration-ms="7304" status="PASS">
          <reporter-output>
          </reporter-output>
        </test-method> <!-- setUp -->
        <test-method signature="Ohrm_LoginTest(java.lang.String,java.lang.String,java.lang.String)[pri:0, instance:com.jayant.orangehrm.tests.LoginDDTTest@36fc695d]" started-at="2026-01-13T14:52:52 IST" name="Ohrm_LoginTest" data-provider="LoginData" finished-at="2026-01-13T14:53:31 IST" duration-ms="38341" status="FAIL">
          <params>
            <param index="0">
              <value>
                <![CDATA[Admin]]>
              </value>
            </param>
            <param index="1">
              <value>
                <![CDATA[admin123]]>
              </value>
            </param>
            <param index="2">
              <value>
                <![CDATA[Valid]]>
              </value>
            </param>
          </params>
          <exception class="java.lang.AssertionError">
            <message>
              <![CDATA[expected [true] but found [false]]]>
            </message>
            <full-stacktrace>
              <![CDATA[java.lang.AssertionError: expected [true] but found [false]
at org.testng.Assert.fail(Assert.java:111)
at org.testng.Assert.failNotEquals(Assert.java:1578)
at org.testng.Assert.assertTrue(Assert.java:57)
at org.testng.Assert.assertTrue(Assert.java:67)
at com.jayant.orangehrm.tests.LoginDDTTest.Ohrm_LoginTest(LoginDDTTest.java:32)
at java.base/jdk.internal.reflect.NativeMethodAccessorImpl.invoke0(Native Method)
at java.base/jdk.internal.reflect.NativeMethodAccessorImpl.invoke(NativeMethodAccessorImpl.java:77)
at java.base/jdk.internal.reflect.DelegatingMethodAccessorImpl.invoke(DelegatingMethodAccessorImpl.java:43)
at java.base/java.lang.reflect.Method.invoke(Method.java:569)
at org.testng.internal.invokers.MethodInvocationHelper.invokeMethod(MethodInvocationHelper.java:141)
at org.testng.internal.invokers.TestInvoker.invokeMethod(TestInvoker.java:686)
at org.testng.internal.invokers.TestInvoker.invokeTestMethod(TestInvoker.java:230)
at org.testng.internal.invokers.MethodRunner.runInSequence(MethodRunner.java:63)
at org.testng.internal.invokers.TestInvoker$MethodInvocationAgent.invoke(TestInvoker.java:992)
at org.testng.internal.invokers.TestInvoker.invokeTestMethods(TestInvoker.java:203)
at org.testng.internal.invokers.TestMethodWorker.invokeTestMethods(TestMethodWorker.java:154)
at org.testng.internal.invokers.TestMethodWorker.run(TestMethodWorker.java:134)
at java.base/java.util.ArrayList.forEach(ArrayList.java:1511)
at org.testng.TestRunner.privateRun(TestRunner.java:739)
at org.testng.TestRunner.run(TestRunner.java:614)
at org.testng.SuiteRunner.runTest(SuiteRunner.java:421)
at org.testng.SuiteRunner.runSequentially(SuiteRunner.java:413)
at org.testng.SuiteRunner.privateRun(SuiteRunner.java:373)
at org.testng.SuiteRunner.run(SuiteRunner.java:312)
at org.testng.SuiteRunnerWorker.runSuite(SuiteRunnerWorker.java:52)
at org.testng.SuiteRunnerWorker.run(SuiteRunnerWorker.java:95)
at org.testng.TestNG.runSuitesSequentially(TestNG.java:1274)
at org.testng.TestNG.runSuitesLocally(TestNG.java:1208)
at org.testng.TestNG.runSuites(TestNG.java:1112)
at org.testng.TestNG.run(TestNG.java:1079)
at org.testng.remote.AbstractRemoteTestNG.run(AbstractRemoteTestNG.java:115)
at org.testng.remote.RemoteTestNG.initAndRun(RemoteTestNG.java:293)
at org.testng.remote.RemoteTestNG.main(RemoteTestNG.java:91)
]]>
            </full-stacktrace>
          </exception> <!-- java.lang.AssertionError -->
          <reporter-output>
          </reporter-output>
        </test-method> <!-- Ohrm_LoginTest -->
        <test-method is-config="true" signature="tearDown()[pri:0, instance:com.jayant.orangehrm.tests.LoginDDTTest@36fc695d]" started-at="2026-01-13T14:53:37 IST" name="tearDown" finished-at="2026-01-13T14:53:37 IST" duration-ms="668" status="PASS">
          <reporter-output>
          </reporter-output>
        </test-method> <!-- tearDown -->
        <test-method is-config="true" signature="setUp()[pri:0, instance:com.jayant.orangehrm.tests.LoginDDTTest@36fc695d]" started-at="2026-01-13T14:53:37 IST" name="setUp" finished-at="2026-01-13T14:53:42 IST" duration-ms="4660" status="PASS">
          <reporter-output>
          </reporter-output>
        </test-method> <!-- setUp -->
        <test-method signature="Ohrm_LoginTest(java.lang.String,java.lang.String,java.lang.String)[pri:0, instance:com.jayant.orangehrm.tests.LoginDDTTest@36fc695d]" started-at="2026-01-13T14:53:42 IST" name="Ohrm_LoginTest" data-provider="LoginData" finished-at="2026-01-13T14:53:50 IST" duration-ms="8202" status="PASS">
          <params>
            <param index="0">
              <value>
                <![CDATA[test123]]>
              </value>
            </param>
            <param index="1">
              <value>
                <![CDATA[testPass]]>
              </value>
            </param>
            <param index="2">
              <value>
                <![CDATA[Invalid]]>
              </value>
            </param>
          </params>
          <reporter-output>
          </reporter-output>
        </test-method> <!-- Ohrm_LoginTest -->
        <test-method is-config="true" signature="tearDown()[pri:0, instance:com.jayant.orangehrm.tests.LoginDDTTest@36fc695d]" started-at="2026-01-13T14:53:50 IST" name="tearDown" finished-at="2026-01-13T14:53:50 IST" duration-ms="109" status="PASS">
          <reporter-output>
          </reporter-output>
        </test-method> <!-- tearDown -->
        <test-method is-config="true" signature="setUp()[pri:0, instance:com.jayant.orangehrm.tests.LoginDDTTest@36fc695d]" started-at="2026-01-13T14:53:50 IST" name="setUp" finished-at="2026-01-13T14:53:52 IST" duration-ms="1768" status="PASS">
          <reporter-output>
          </reporter-output>
        </test-method> <!-- setUp -->
        <test-method signature="Ohrm_LoginTest(java.lang.String,java.lang.String,java.lang.String)[pri:0, instance:com.jayant.orangehrm.tests.LoginDDTTest@36fc695d]" started-at="2026-01-13T14:53:52 IST" name="Ohrm_LoginTest" data-provider="LoginData" finished-at="2026-01-13T14:54:07 IST" duration-ms="14557" status="PASS">
          <params>
            <param index="0">
              <value>
                <![CDATA[testUser]]>
              </value>
            </param>
            <param index="1">
              <value>
                <![CDATA[admin123]]>
              </value>
            </param>
            <param index="2">
              <value>
                <![CDATA[Invalid]]>
              </value>
            </param>
          </params>
          <reporter-output>
          </reporter-output>
        </test-method> <!-- Ohrm_LoginTest -->
        <test-method is-config="true" signature="tearDown()[pri:0, instance:com.jayant.orangehrm.tests.LoginDDTTest@36fc695d]" started-at="2026-01-13T14:54:07 IST" name="tearDown" finished-at="2026-01-13T14:54:07 IST" duration-ms="179" status="PASS">
          <reporter-output>
          </reporter-output>
        </test-method> <!-- tearDown -->
        <test-method is-config="true" signature="setUp()[pri:0, instance:com.jayant.orangehrm.tests.LoginDDTTest@36fc695d]" started-at="2026-01-13T14:54:07 IST" name="setUp" finished-at="2026-01-13T14:54:08 IST" duration-ms="1407" status="PASS">
          <reporter-output>
          </reporter-output>
        </test-method> <!-- setUp -->
        <test-method signature="Ohrm_LoginTest(java.lang.String,java.lang.String,java.lang.String)[pri:0, instance:com.jayant.orangehrm.tests.LoginDDTTest@36fc695d]" started-at="2026-01-13T14:54:08 IST" name="Ohrm_LoginTest" data-provider="LoginData" finished-at="2026-01-13T14:54:31 IST" duration-ms="22836" status="PASS">
          <params>
            <param index="0">
              <value>
                <![CDATA[Admin]]>
              </value>
            </param>
            <param index="1">
              <value>
                <![CDATA[student]]>
              </value>
            </param>
            <param index="2">
              <value>
                <![CDATA[Invalid]]>
              </value>
            </param>
          </params>
          <reporter-output>
          </reporter-output>
        </test-method> <!-- Ohrm_LoginTest -->
        <test-method is-config="true" signature="tearDown()[pri:0, instance:com.jayant.orangehrm.tests.LoginDDTTest@36fc695d]" started-at="2026-01-13T14:54:31 IST" name="tearDown" finished-at="2026-01-13T14:54:32 IST" duration-ms="846" status="PASS">
          <reporter-output>
          </reporter-output>
        </test-method> <!-- tearDown -->
        <test-method is-config="true" signature="setUp()[pri:0, instance:com.jayant.orangehrm.tests.LoginDDTTest@36fc695d]" started-at="2026-01-13T14:54:32 IST" name="setUp" finished-at="2026-01-13T14:54:35 IST" duration-ms="2934" status="PASS">
          <reporter-output>
          </reporter-output>
        </test-method> <!-- setUp -->
        <test-method signature="Ohrm_LoginTest(java.lang.String,java.lang.String,java.lang.String)[pri:0, instance:com.jayant.orangehrm.tests.LoginDDTTest@36fc695d]" started-at="2026-01-13T14:54:35 IST" name="Ohrm_LoginTest" data-provider="LoginData" finished-at="2026-01-13T14:55:07 IST" duration-ms="32255" status="PASS">
          <params>
            <param index="0">
              <value>
                <![CDATA[jayant]]>
              </value>
            </param>
            <param index="1">
              <value>
                <![CDATA[jayant123]]>
              </value>
            </param>
            <param index="2">
              <value>
                <![CDATA[Invalid]]>
              </value>
            </param>
          </params>
          <reporter-output>
          </reporter-output>
        </test-method> <!-- Ohrm_LoginTest -->
        <test-method is-config="true" signature="tearDown()[pri:0, instance:com.jayant.orangehrm.tests.LoginDDTTest@36fc695d]" started-at="2026-01-13T14:55:07 IST" name="tearDown" finished-at="2026-01-13T14:55:08 IST" duration-ms="836" status="PASS">
          <reporter-output>
          </reporter-output>
        </test-method> <!-- tearDown -->
      </class> <!-- com.jayant.orangehrm.tests.LoginDDTTest -->
    </test> <!-- Orange HRM login test -->
  </suite> <!-- Orange HRM Automation -->
</testng-results>
