<?xml version="1.0" encoding="UTF-8"?>
<testng-results ignored="0" total="1" passed="1" failed="0" skipped="0">
  <reporter-output>
  </reporter-output>
  <suite started-at="2026-01-18T14:16:58 IST" name="Default suite" finished-at="2026-01-18T14:17:46 IST" duration-ms="48187">
    <groups>
    </groups>
    <test started-at="2026-01-18T14:16:58 IST" name="Default test" finished-at="2026-01-18T14:17:46 IST" duration-ms="48187">
      <class name="com.jayant.orangehrm.tests.AdminTest">
        <test-method is-config="true" signature="setUp()[pri:0, instance:com.jayant.orangehrm.tests.AdminTest@30c15d8b]" started-at="2026-01-18T14:16:58 IST" name="setUp" finished-at="2026-01-18T14:16:59 IST" duration-ms="1072" status="PASS">
          <reporter-output>
          </reporter-output>
        </test-method> <!-- setUp -->
        <test-method signature="loginTest()[pri:0, instance:com.jayant.orangehrm.tests.AdminTest@30c15d8b]" started-at="2026-01-18T14:16:59 IST" name="loginTest" finished-at="2026-01-18T14:17:46 IST" duration-ms="46984" status="PASS">
          <reporter-output>
          </reporter-output>
        </test-method> <!-- loginTest -->
        <test-method is-config="true" signature="tearDown()[pri:0, instance:com.jayant.orangehrm.tests.AdminTest@30c15d8b]" started-at="2026-01-18T14:17:46 IST" name="tearDown" finished-at="2026-01-18T14:17:46 IST" duration-ms="99" status="PASS">
          <reporter-output>
          </reporter-output>
        </test-method> <!-- tearDown -->
      </class> <!-- com.jayant.orangehrm.tests.AdminTest -->
    </test> <!-- Default test -->
  </suite> <!-- Default suite -->
</testng-results>
