<?xml version="1.0" encoding="UTF-8"?>
<!-- Generated by org.testng.reporters.JUnitReportReporter -->
<testsuite hostname="DESKTOP-Q69DOOS" failures="0" tests="5" name="com.jayant.orangehrm.tests.LoginDDTTest" time="160.071" errors="0" timestamp="2026-01-18T01:03:25 IST" skipped="0">
  <testcase classname="com.jayant.orangehrm.tests.LoginDDTTest" name="Ohrm_LoginTest" time="37.645"/>
  <testcase classname="com.jayant.orangehrm.tests.LoginDDTTest" name="Ohrm_LoginTest" time="14.632"/>
  <testcase classname="com.jayant.orangehrm.tests.LoginDDTTest" name="Ohrm_LoginTest" time="40.826"/>
  <testcase classname="com.jayant.orangehrm.tests.LoginDDTTest" name="Ohrm_LoginTest" time="26.856"/>
  <testcase classname="com.jayant.orangehrm.tests.LoginDDTTest" name="Ohrm_LoginTest" time="40.112"/>
</testsuite> <!-- com.jayant.orangehrm.tests.LoginDDTTest -->
