<?xml version="1.0" encoding="UTF-8"?>
<!-- Generated by org.testng.reporters.JUnitReportReporter -->
<testsuite hostname="DESKTOP-Q69DOOS" failures="0" tests="5" name="com.jayant.orangehrm.tests.LoginDDTTest" time="154.686" errors="0" timestamp="2026-01-18T14:38:50 IST" skipped="0">
  <testcase classname="com.jayant.orangehrm.tests.LoginDDTTest" name="Ohrm_LoginTest" time="40.202"/>
  <testcase classname="com.jayant.orangehrm.tests.LoginDDTTest" name="Ohrm_LoginTest" time="39.094"/>
  <testcase classname="com.jayant.orangehrm.tests.LoginDDTTest" name="Ohrm_LoginTest" time="15.167"/>
  <testcase classname="com.jayant.orangehrm.tests.LoginDDTTest" name="Ohrm_LoginTest" time="22.498"/>
  <testcase classname="com.jayant.orangehrm.tests.LoginDDTTest" name="Ohrm_LoginTest" time="37.725"/>
</testsuite> <!-- com.jayant.orangehrm.tests.LoginDDTTest -->
