<?xml version="1.0" encoding="UTF-8"?>
<!-- Generated by org.testng.reporters.JUnitReportReporter -->
<testsuite hostname="DESKTOP-Q69DOOS" failures="0" tests="5" name="com.jayant.orangehrm.tests.LoginDDTTest" time="205.295" errors="0" timestamp="2026-01-13T16:12:58 IST" skipped="0">
  <testcase classname="com.jayant.orangehrm.tests.LoginDDTTest" name="Ohrm_LoginTest" time="34.070"/>
  <testcase classname="com.jayant.orangehrm.tests.LoginDDTTest" name="Ohrm_LoginTest" time="26.695"/>
  <testcase classname="com.jayant.orangehrm.tests.LoginDDTTest" name="Ohrm_LoginTest" time="72.766"/>
  <testcase classname="com.jayant.orangehrm.tests.LoginDDTTest" name="Ohrm_LoginTest" time="38.434"/>
  <testcase classname="com.jayant.orangehrm.tests.LoginDDTTest" name="Ohrm_LoginTest" time="33.330"/>
</testsuite> <!-- com.jayant.orangehrm.tests.LoginDDTTest -->
